<?xml version="1.0" encoding="UTF-8"?>
<testsuite xmlns:xsi="http://www.w3.org/2001/XMLSchema-instance" xsi:noNamespaceSchemaLocation="https://maven.apache.org/surefire/maven-surefire-plugin/xsd/surefire-test-report.xsd" name="edu.pingpong.cotxox.CarreraTest" time="0.133" tests="11" errors="0" skipped="0" failures="0">
  <properties>
[...]
</properties>
  <testcase name="asignarConductorTest" classname="edu.pingpong.cotxox.CarreraTest" time="0.01"/>
  <testcase name="setTiempoEsperadoTest" classname="edu.pingpong.cotxox.CarreraTest" time="0.004"/>
  <testcase name="setOrigenTest" classname="edu.pingpong.cotxox.CarreraTest" time="0.004"/>
  <testcase name="recibirPropinaTest" classname="edu.pingpong.cotxox.CarreraTest" time="0.002"/>
  <testcase name="getTarjetaCreditoTest" classname="edu.pingpong.cotxox.CarreraTest" time="0.002"/>
  <testcase name="setConductorTest" classname="edu.pingpong.cotxox.CarreraTest" time="0.002"/>
  <testcase name="realizarPagoTest" classname="edu.pingpong.cotxox.CarreraTest" time="0.001"/>
  <testcase name="setTiempoCarreraTest" classname="edu.pingpong.cotxox.CarreraTest" time="0.002"/>
  <testcase name="liberarConductorTest" classname="edu.pingpong.cotxox.CarreraTest" time="0.003"/>
  <testcase name="setDestinoTest" classname="edu.pingpong.cotxox.CarreraTest" time="0.002"/>
  <testcase name="setDistanciaTest" classname="edu.pingpong.cotxox.CarreraTest" time="0.001"/>
</testsuite>